[30-Aug-2022 12:28:49] NOTICE: fpm is running, pid 5963
[30-Aug-2022 12:28:49] NOTICE: ready to handle connections
[02-Sep-2022 16:07:41] NOTICE: Terminating ...
[02-Sep-2022 16:07:41] NOTICE: Terminating ...
[02-Sep-2022 16:07:41] NOTICE: exiting, bye-bye!
[14-Sep-2022 11:44:26] NOTICE: fpm is running, pid 26687
[14-Sep-2022 11:44:26] NOTICE: ready to handle connections
[14-Sep-2022 16:04:26] NOTICE: Terminating ...
[14-Sep-2022 16:04:26] NOTICE: Terminating ...
[14-Sep-2022 16:04:26] NOTICE: exiting, bye-bye!
[19-Sep-2022 15:43:49] NOTICE: fpm is running, pid 8137
[19-Sep-2022 15:43:49] NOTICE: ready to handle connections
[19-Sep-2022 18:55:25] NOTICE: Terminating ...
[19-Sep-2022 18:55:25] NOTICE: Terminating ...
[19-Sep-2022 18:55:25] NOTICE: exiting, bye-bye!
[20-Sep-2022 12:29:15] NOTICE: fpm is running, pid 10923
[20-Sep-2022 12:29:15] NOTICE: ready to handle connections
[21-Sep-2022 16:36:45] NOTICE: Terminating ...
[21-Sep-2022 16:36:45] NOTICE: Terminating ...
[21-Sep-2022 16:36:45] NOTICE: exiting, bye-bye!
[21-Sep-2022 16:45:43] NOTICE: fpm is running, pid 18578
[21-Sep-2022 16:45:43] NOTICE: ready to handle connections
[22-Sep-2022 09:16:02] NOTICE: Terminating ...
[22-Sep-2022 09:16:02] NOTICE: Terminating ...
[22-Sep-2022 09:16:02] NOTICE: exiting, bye-bye!
[22-Sep-2022 11:46:10] NOTICE: fpm is running, pid 1905
[22-Sep-2022 11:46:10] NOTICE: ready to handle connections
[23-Sep-2022 11:21:29] NOTICE: Terminating ...
[23-Sep-2022 11:21:29] NOTICE: Terminating ...
[23-Sep-2022 11:21:29] NOTICE: exiting, bye-bye!
[29-Sep-2022 10:29:08] NOTICE: fpm is running, pid 4584
[29-Sep-2022 10:29:08] NOTICE: ready to handle connections
